<?xml version="1.0" encoding="UTF-8"?>
<testng-results ignored="0" total="2" passed="2" failed="0" skipped="0">
  <reporter-output>
  </reporter-output>
  <suite started-at="2024-09-01T18:38:32 IST" name="Default suite" finished-at="2024-09-01T18:38:32 IST" duration-ms="595">
    <groups>
    </groups>
    <test started-at="2024-09-01T18:38:32 IST" name="Default test" finished-at="2024-09-01T18:38:32 IST" duration-ms="595">
      <class name="GooglePlace.DynamicJson">
        <test-method signature="addBook(java.lang.String,java.lang.String)[pri:0, instance:GooglePlace.DynamicJson@bd4dc25]" started-at="2024-09-01T18:38:32 IST" name="addBook" data-provider="getData" finished-at="2024-09-01T18:38:32 IST" duration-ms="548" status="PASS">
          <params>
            <param index="0">
              <value>
                <![CDATA[Deepak]]>
              </value>
            </param>
            <param index="1">
              <value>
                <![CDATA[2]]>
              </value>
            </param>
          </params>
          <reporter-output>
          </reporter-output>
        </test-method> <!-- addBook -->
        <test-method signature="addBook(java.lang.String,java.lang.String)[pri:0, instance:GooglePlace.DynamicJson@bd4dc25]" started-at="2024-09-01T18:38:32 IST" name="addBook" data-provider="getData" finished-at="2024-09-01T18:38:32 IST" duration-ms="19" status="PASS">
          <params>
            <param index="0">
              <value>
                <![CDATA[Deeepak]]>
              </value>
            </param>
            <param index="1">
              <value>
                <![CDATA[4]]>
              </value>
            </param>
          </params>
          <reporter-output>
          </reporter-output>
        </test-method> <!-- addBook -->
      </class> <!-- GooglePlace.DynamicJson -->
    </test> <!-- Default test -->
  </suite> <!-- Default suite -->
</testng-results>
